2024-01-18 00:01:12 INFO  o.h.validator.internal.util.Version - HV000001: Hibernate Validator 8.0.1.Final
2024-01-18 00:01:12 INFO  org.food.Application - Starting Application using Java 20.0.2 with PID 6568 (C:\Users\Brotherick\Downloads\Telegram Desktop\orderV1-master\target\classes started by Brotherick in C:\Users\Brotherick\Downloads\Telegram Desktop\orderV1-master)
2024-01-18 00:01:12 INFO  org.food.Application - No active profile set, falling back to 1 default profile: "default"
2024-01-18 00:01:17 INFO  o.s.d.r.c.RepositoryConfigurationDelegate - Bootstrapping Spring Data JPA repositories in DEFAULT mode.
2024-01-18 00:01:17 INFO  o.s.d.r.c.RepositoryConfigurationDelegate - Finished Spring Data repository scanning in 284 ms. Found 2 JPA repository interfaces.
2024-01-18 00:01:20 INFO  o.s.b.w.e.tomcat.TomcatWebServer - Tomcat initialized with port 8080 (http)
2024-01-18 00:01:20 INFO  o.a.coyote.http11.Http11NioProtocol - Initializing ProtocolHandler ["http-nio-8080"]
2024-01-18 00:01:20 INFO  o.a.catalina.core.StandardService - Starting service [Tomcat]
2024-01-18 00:01:20 INFO  o.a.catalina.core.StandardEngine - Starting Servlet engine: [Apache Tomcat/10.1.17]
2024-01-18 00:01:20 INFO  o.a.c.c.C.[Tomcat].[localhost].[/] - Initializing Spring embedded WebApplicationContext
2024-01-18 00:01:20 INFO  o.s.b.w.s.c.ServletWebServerApplicationContext - Root WebApplicationContext: initialization completed in 7262 ms
2024-01-18 00:01:21 INFO  o.h.jpa.internal.util.LogHelper - HHH000204: Processing PersistenceUnitInfo [name: default]
2024-01-18 00:01:21 INFO  org.hibernate.Version - HHH000412: Hibernate ORM core version 6.4.1.Final
2024-01-18 00:01:21 INFO  o.h.c.i.RegionFactoryInitiator - HHH000026: Second-level cache disabled
2024-01-18 00:01:22 INFO  o.s.o.j.p.SpringPersistenceUnitInfo - No LoadTimeWeaver setup: ignoring JPA class transformer
2024-01-18 00:01:22 INFO  com.zaxxer.hikari.HikariDataSource - HikariPool-1 - Starting...
2024-01-18 00:01:23 INFO  com.zaxxer.hikari.pool.HikariPool - HikariPool-1 - Added connection com.mysql.cj.jdbc.ConnectionImpl@17003497
2024-01-18 00:01:23 INFO  com.zaxxer.hikari.HikariDataSource - HikariPool-1 - Start completed.
2024-01-18 00:01:27 INFO  o.h.e.t.j.p.i.JtaPlatformInitiator - HHH000489: No JTA platform available (set 'hibernate.transaction.jta.platform' to enable JTA platform integration)
2024-01-18 00:01:27 INFO  o.s.o.j.LocalContainerEntityManagerFactoryBean - Initialized JPA EntityManagerFactory for persistence unit 'default'
2024-01-18 00:01:29 WARN  o.s.b.a.o.j.JpaBaseConfiguration$JpaWebConfiguration - spring.jpa.open-in-view is enabled by default. Therefore, database queries may be performed during view rendering. Explicitly configure spring.jpa.open-in-view to disable this warning
2024-01-18 00:01:31 INFO  o.s.s.w.DefaultSecurityFilterChain - Will secure any request with [org.springframework.security.web.session.DisableEncodeUrlFilter@29390110, org.springframework.security.web.context.request.async.WebAsyncManagerIntegrationFilter@4b89515b, org.springframework.security.web.context.SecurityContextHolderFilter@655d5285, org.springframework.security.web.header.HeaderWriterFilter@36dbfa68, org.springframework.web.filter.CorsFilter@496e2bdd, org.springframework.security.web.authentication.logout.LogoutFilter@3d9c69f8, org.food.security.filter.JwtAuthenticationFilter@71f042b1, org.springframework.security.web.savedrequest.RequestCacheAwareFilter@1c2273f6, org.springframework.security.web.servletapi.SecurityContextHolderAwareRequestFilter@411e567e, org.springframework.security.web.authentication.AnonymousAuthenticationFilter@17e725fb, org.springframework.security.web.session.SessionManagementFilter@381d7c4c, org.springframework.security.web.access.ExceptionTranslationFilter@13563e64, org.springframework.security.web.access.intercept.AuthorizationFilter@c2ddfeb]
2024-01-18 00:01:32 WARN  o.s.b.a.t.ThymeleafAutoConfiguration$DefaultTemplateResolverConfiguration - Cannot find template location: classpath:/templates/ (please add some templates, check your Thymeleaf configuration, or set spring.thymeleaf.check-template-location=false)
2024-01-18 00:01:32 INFO  o.a.coyote.http11.Http11NioProtocol - Starting ProtocolHandler ["http-nio-8080"]
2024-01-18 00:01:32 INFO  o.s.b.w.e.tomcat.TomcatWebServer - Tomcat started on port 8080 (http) with context path ''
2024-01-18 00:01:32 INFO  org.food.Application - Started Application in 21.541 seconds (process running for 23.49)
2024-01-18 00:01:32 ERROR org.food.Application - hhu
2024-01-18 00:01:32 INFO  org.food.Application - jiij
2024-01-18 00:04:51 INFO  o.s.o.j.LocalContainerEntityManagerFactoryBean - Closing JPA EntityManagerFactory for persistence unit 'default'
2024-01-18 00:04:51 INFO  com.zaxxer.hikari.HikariDataSource - HikariPool-1 - Shutdown initiated...
2024-01-18 00:04:51 INFO  com.zaxxer.hikari.HikariDataSource - HikariPool-1 - Shutdown completed.
